ARM GAS  C:\Users\avpas\AppData\Local\Temp\ccJX0WBY.s 			page 1


   1              		.cpu cortex-m3
   2              		.eabi_attribute 20, 1
   3              		.eabi_attribute 21, 1
   4              		.eabi_attribute 23, 3
   5              		.eabi_attribute 24, 1
   6              		.eabi_attribute 25, 1
   7              		.eabi_attribute 26, 1
   8              		.eabi_attribute 30, 1
   9              		.eabi_attribute 34, 1
  10              		.eabi_attribute 18, 4
  11              		.file	"lcd.c"
  12              		.text
  13              	.Ltext0:
  14              		.cfi_sections	.debug_frame
  15              		.section	.text.LCD_Delay,"ax",%progbits
  16              		.align	1
  17              		.global	LCD_Delay
  18              		.arch armv7-m
  19              		.syntax unified
  20              		.thumb
  21              		.thumb_func
  22              		.fpu softvfp
  24              	LCD_Delay:
  25              	.LFB65:
  26              		.file 1 "Src/lcd.c"
   1:Src/lcd.c     **** #include "LCD.h"
   2:Src/lcd.c     **** 
   3:Src/lcd.c     **** void LCD_Delay(void){
  27              		.loc 1 3 21 view -0
  28              		.cfi_startproc
  29              		@ args = 0, pretend = 0, frame = 0
  30              		@ frame_needed = 0, uses_anonymous_args = 0
  31              		@ link register save eliminated.
   4:Src/lcd.c     ****     uint16_t i;
  32              		.loc 1 4 5 view .LVU1
   5:Src/lcd.c     **** 
   6:Src/lcd.c     ****     for (i=0; i<1000; i++)
  33              		.loc 1 6 5 view .LVU2
  34              	.LVL0:
  35              		.loc 1 6 11 is_stmt 0 view .LVU3
  36 0000 0023     		movs	r3, #0
  37              	.LVL1:
  38              	.L2:
  39              		.loc 1 6 5 discriminator 1 view .LVU4
  40 0002 B3F57A7F 		cmp	r3, #1000
  41 0006 02D2     		bcs	.L4
   7:Src/lcd.c     ****     {
   8:Src/lcd.c     **** 
   9:Src/lcd.c     ****     }
  42              		.loc 1 9 5 is_stmt 1 discriminator 3 view .LVU5
   6:Src/lcd.c     ****     {
  43              		.loc 1 6 24 is_stmt 0 discriminator 3 view .LVU6
  44 0008 0133     		adds	r3, r3, #1
  45              	.LVL2:
   6:Src/lcd.c     ****     {
  46              		.loc 1 6 24 discriminator 3 view .LVU7
  47 000a 9BB2     		uxth	r3, r3
ARM GAS  C:\Users\avpas\AppData\Local\Temp\ccJX0WBY.s 			page 2


  48              	.LVL3:
   6:Src/lcd.c     ****     {
  49              		.loc 1 6 24 discriminator 3 view .LVU8
  50 000c F9E7     		b	.L2
  51              	.L4:
  10:Src/lcd.c     **** }
  52              		.loc 1 10 1 view .LVU9
  53 000e 7047     		bx	lr
  54              		.cfi_endproc
  55              	.LFE65:
  57              		.section	.text.LCD_SetData,"ax",%progbits
  58              		.align	1
  59              		.global	LCD_SetData
  60              		.syntax unified
  61              		.thumb
  62              		.thumb_func
  63              		.fpu softvfp
  65              	LCD_SetData:
  66              	.LVL4:
  67              	.LFB66:
  11:Src/lcd.c     **** 
  12:Src/lcd.c     **** void LCD_SetData(int dt){
  68              		.loc 1 12 25 is_stmt 1 view -0
  69              		.cfi_startproc
  70              		@ args = 0, pretend = 0, frame = 0
  71              		@ frame_needed = 0, uses_anonymous_args = 0
  72              		.loc 1 12 25 is_stmt 0 view .LVU11
  73 0000 10B5     		push	{r4, lr}
  74              	.LCFI0:
  75              		.cfi_def_cfa_offset 8
  76              		.cfi_offset 4, -8
  77              		.cfi_offset 14, -4
  78 0002 0446     		mov	r4, r0
  13:Src/lcd.c     ****     if ( ((dt>>7) & 0x01) == 1) {DB7_SET();} else {DB7_RES();}
  79              		.loc 1 13 5 is_stmt 1 view .LVU12
  80              		.loc 1 13 8 is_stmt 0 view .LVU13
  81 0004 10F0800F 		tst	r0, #128
  82 0008 40D0     		beq	.L6
  83              		.loc 1 13 34 is_stmt 1 discriminator 1 view .LVU14
  84 000a 0122     		movs	r2, #1
  85 000c 4FF40041 		mov	r1, #32768
  86 0010 3848     		ldr	r0, .L23
  87              	.LVL5:
  88              		.loc 1 13 34 is_stmt 0 discriminator 1 view .LVU15
  89 0012 FFF7FEFF 		bl	HAL_GPIO_WritePin
  90              	.LVL6:
  91              		.loc 1 13 43 is_stmt 1 discriminator 1 view .LVU16
  92              	.L7:
  93              		.loc 1 13 61 discriminator 4 view .LVU17
  14:Src/lcd.c     ****     if ( ((dt>>6) & 0x01) == 1) {DB6_SET();} else {DB6_RES();}
  94              		.loc 1 14 5 discriminator 4 view .LVU18
  95              		.loc 1 14 8 is_stmt 0 discriminator 4 view .LVU19
  96 0016 14F0400F 		tst	r4, #64
  97 001a 3ED0     		beq	.L8
  98              		.loc 1 14 34 is_stmt 1 discriminator 1 view .LVU20
  99 001c 0122     		movs	r2, #1
 100 001e 0821     		movs	r1, #8
ARM GAS  C:\Users\avpas\AppData\Local\Temp\ccJX0WBY.s 			page 3


 101 0020 3548     		ldr	r0, .L23+4
 102 0022 FFF7FEFF 		bl	HAL_GPIO_WritePin
 103              	.LVL7:
 104              		.loc 1 14 43 discriminator 1 view .LVU21
 105              	.L9:
 106              		.loc 1 14 61 discriminator 4 view .LVU22
  15:Src/lcd.c     ****     if ( ((dt>>5) & 0x01) == 1) {DB5_SET();} else {DB5_RES();}
 107              		.loc 1 15 5 discriminator 4 view .LVU23
 108              		.loc 1 15 8 is_stmt 0 discriminator 4 view .LVU24
 109 0026 14F0200F 		tst	r4, #32
 110 002a 3CD0     		beq	.L10
 111              		.loc 1 15 34 is_stmt 1 discriminator 1 view .LVU25
 112 002c 0122     		movs	r2, #1
 113 002e 1021     		movs	r1, #16
 114 0030 3148     		ldr	r0, .L23+4
 115 0032 FFF7FEFF 		bl	HAL_GPIO_WritePin
 116              	.LVL8:
 117              		.loc 1 15 43 discriminator 1 view .LVU26
 118              	.L11:
 119              		.loc 1 15 61 discriminator 4 view .LVU27
  16:Src/lcd.c     ****     if ( ((dt>>4) & 0x01) == 1) {DB4_SET();} else {DB4_RES();}
 120              		.loc 1 16 5 discriminator 4 view .LVU28
 121              		.loc 1 16 8 is_stmt 0 discriminator 4 view .LVU29
 122 0036 14F0100F 		tst	r4, #16
 123 003a 3AD0     		beq	.L12
 124              		.loc 1 16 34 is_stmt 1 discriminator 1 view .LVU30
 125 003c 0122     		movs	r2, #1
 126 003e 2021     		movs	r1, #32
 127 0040 2D48     		ldr	r0, .L23+4
 128 0042 FFF7FEFF 		bl	HAL_GPIO_WritePin
 129              	.LVL9:
 130              		.loc 1 16 43 discriminator 1 view .LVU31
 131              	.L13:
 132              		.loc 1 16 61 discriminator 4 view .LVU32
  17:Src/lcd.c     ****     if ( ((dt>>3) & 0x01) == 1) {DB3_SET();} else {DB3_RES();}
 133              		.loc 1 17 5 discriminator 4 view .LVU33
 134              		.loc 1 17 8 is_stmt 0 discriminator 4 view .LVU34
 135 0046 14F0080F 		tst	r4, #8
 136 004a 38D0     		beq	.L14
 137              		.loc 1 17 34 is_stmt 1 discriminator 1 view .LVU35
 138 004c 0122     		movs	r2, #1
 139 004e 4021     		movs	r1, #64
 140 0050 2948     		ldr	r0, .L23+4
 141 0052 FFF7FEFF 		bl	HAL_GPIO_WritePin
 142              	.LVL10:
 143              		.loc 1 17 43 discriminator 1 view .LVU36
 144              	.L15:
 145              		.loc 1 17 61 discriminator 4 view .LVU37
  18:Src/lcd.c     ****     if ( ((dt>>2) & 0x01) == 1) {DB2_SET();} else {DB2_RES();}
 146              		.loc 1 18 5 discriminator 4 view .LVU38
 147              		.loc 1 18 8 is_stmt 0 discriminator 4 view .LVU39
 148 0056 14F0040F 		tst	r4, #4
 149 005a 36D0     		beq	.L16
 150              		.loc 1 18 34 is_stmt 1 discriminator 1 view .LVU40
 151 005c 0122     		movs	r2, #1
 152 005e 8021     		movs	r1, #128
 153 0060 2548     		ldr	r0, .L23+4
ARM GAS  C:\Users\avpas\AppData\Local\Temp\ccJX0WBY.s 			page 4


 154 0062 FFF7FEFF 		bl	HAL_GPIO_WritePin
 155              	.LVL11:
 156              		.loc 1 18 43 discriminator 1 view .LVU41
 157              	.L17:
 158              		.loc 1 18 61 discriminator 4 view .LVU42
  19:Src/lcd.c     ****     if ( ((dt>>1) & 0x01) == 1) {DB1_SET();} else {DB1_RES();}
 159              		.loc 1 19 5 discriminator 4 view .LVU43
 160              		.loc 1 19 8 is_stmt 0 discriminator 4 view .LVU44
 161 0066 14F0020F 		tst	r4, #2
 162 006a 34D0     		beq	.L18
 163              		.loc 1 19 34 is_stmt 1 discriminator 1 view .LVU45
 164 006c 0122     		movs	r2, #1
 165 006e 4FF48071 		mov	r1, #256
 166 0072 2148     		ldr	r0, .L23+4
 167 0074 FFF7FEFF 		bl	HAL_GPIO_WritePin
 168              	.LVL12:
 169              		.loc 1 19 43 discriminator 1 view .LVU46
 170              	.L19:
 171              		.loc 1 19 61 discriminator 4 view .LVU47
  20:Src/lcd.c     ****     if ( ((dt>>0) & 0x01) == 1) {DB0_SET();} else {DB0_RES();}
 172              		.loc 1 20 5 discriminator 4 view .LVU48
 173              		.loc 1 20 8 is_stmt 0 discriminator 4 view .LVU49
 174 0078 14F0010F 		tst	r4, #1
 175 007c 32D0     		beq	.L20
 176              		.loc 1 20 34 is_stmt 1 discriminator 1 view .LVU50
 177 007e 0122     		movs	r2, #1
 178 0080 4FF40071 		mov	r1, #512
 179 0084 1C48     		ldr	r0, .L23+4
 180 0086 FFF7FEFF 		bl	HAL_GPIO_WritePin
 181              	.LVL13:
 182              		.loc 1 20 43 discriminator 1 view .LVU51
 183              	.L5:
  21:Src/lcd.c     **** }
 184              		.loc 1 21 1 is_stmt 0 view .LVU52
 185 008a 10BD     		pop	{r4, pc}
 186              	.LVL14:
 187              	.L6:
  13:Src/lcd.c     ****     if ( ((dt>>6) & 0x01) == 1) {DB6_SET();} else {DB6_RES();}
 188              		.loc 1 13 52 is_stmt 1 discriminator 2 view .LVU53
 189 008c 0022     		movs	r2, #0
 190 008e 4FF40041 		mov	r1, #32768
 191 0092 1848     		ldr	r0, .L23
 192              	.LVL15:
  13:Src/lcd.c     ****     if ( ((dt>>6) & 0x01) == 1) {DB6_SET();} else {DB6_RES();}
 193              		.loc 1 13 52 is_stmt 0 discriminator 2 view .LVU54
 194 0094 FFF7FEFF 		bl	HAL_GPIO_WritePin
 195              	.LVL16:
 196 0098 BDE7     		b	.L7
 197              	.L8:
  14:Src/lcd.c     ****     if ( ((dt>>5) & 0x01) == 1) {DB5_SET();} else {DB5_RES();}
 198              		.loc 1 14 52 is_stmt 1 discriminator 2 view .LVU55
 199 009a 0022     		movs	r2, #0
 200 009c 0821     		movs	r1, #8
 201 009e 1648     		ldr	r0, .L23+4
 202 00a0 FFF7FEFF 		bl	HAL_GPIO_WritePin
 203              	.LVL17:
 204 00a4 BFE7     		b	.L9
ARM GAS  C:\Users\avpas\AppData\Local\Temp\ccJX0WBY.s 			page 5


 205              	.L10:
  15:Src/lcd.c     ****     if ( ((dt>>4) & 0x01) == 1) {DB4_SET();} else {DB4_RES();}
 206              		.loc 1 15 52 discriminator 2 view .LVU56
 207 00a6 0022     		movs	r2, #0
 208 00a8 1021     		movs	r1, #16
 209 00aa 1348     		ldr	r0, .L23+4
 210 00ac FFF7FEFF 		bl	HAL_GPIO_WritePin
 211              	.LVL18:
 212 00b0 C1E7     		b	.L11
 213              	.L12:
  16:Src/lcd.c     ****     if ( ((dt>>3) & 0x01) == 1) {DB3_SET();} else {DB3_RES();}
 214              		.loc 1 16 52 discriminator 2 view .LVU57
 215 00b2 0022     		movs	r2, #0
 216 00b4 2021     		movs	r1, #32
 217 00b6 1048     		ldr	r0, .L23+4
 218 00b8 FFF7FEFF 		bl	HAL_GPIO_WritePin
 219              	.LVL19:
 220 00bc C3E7     		b	.L13
 221              	.L14:
  17:Src/lcd.c     ****     if ( ((dt>>2) & 0x01) == 1) {DB2_SET();} else {DB2_RES();}
 222              		.loc 1 17 52 discriminator 2 view .LVU58
 223 00be 0022     		movs	r2, #0
 224 00c0 4021     		movs	r1, #64
 225 00c2 0D48     		ldr	r0, .L23+4
 226 00c4 FFF7FEFF 		bl	HAL_GPIO_WritePin
 227              	.LVL20:
 228 00c8 C5E7     		b	.L15
 229              	.L16:
  18:Src/lcd.c     ****     if ( ((dt>>1) & 0x01) == 1) {DB1_SET();} else {DB1_RES();}
 230              		.loc 1 18 52 discriminator 2 view .LVU59
 231 00ca 0022     		movs	r2, #0
 232 00cc 8021     		movs	r1, #128
 233 00ce 0A48     		ldr	r0, .L23+4
 234 00d0 FFF7FEFF 		bl	HAL_GPIO_WritePin
 235              	.LVL21:
 236 00d4 C7E7     		b	.L17
 237              	.L18:
  19:Src/lcd.c     ****     if ( ((dt>>0) & 0x01) == 1) {DB0_SET();} else {DB0_RES();}
 238              		.loc 1 19 52 discriminator 2 view .LVU60
 239 00d6 0022     		movs	r2, #0
 240 00d8 4FF48071 		mov	r1, #256
 241 00dc 0648     		ldr	r0, .L23+4
 242 00de FFF7FEFF 		bl	HAL_GPIO_WritePin
 243              	.LVL22:
 244 00e2 C9E7     		b	.L19
 245              	.L20:
  20:Src/lcd.c     **** }
 246              		.loc 1 20 52 discriminator 2 view .LVU61
 247 00e4 0022     		movs	r2, #0
 248 00e6 4FF40071 		mov	r1, #512
 249 00ea 0348     		ldr	r0, .L23+4
 250 00ec FFF7FEFF 		bl	HAL_GPIO_WritePin
 251              	.LVL23:
  20:Src/lcd.c     **** }
 252              		.loc 1 20 61 discriminator 2 view .LVU62
 253              		.loc 1 21 1 is_stmt 0 discriminator 2 view .LVU63
 254 00f0 CBE7     		b	.L5
ARM GAS  C:\Users\avpas\AppData\Local\Temp\ccJX0WBY.s 			page 6


 255              	.L24:
 256 00f2 00BF     		.align	2
 257              	.L23:
 258 00f4 00080140 		.word	1073809408
 259 00f8 000C0140 		.word	1073810432
 260              		.cfi_endproc
 261              	.LFE66:
 263              		.section	.text.LCD_SendCmd,"ax",%progbits
 264              		.align	1
 265              		.global	LCD_SendCmd
 266              		.syntax unified
 267              		.thumb
 268              		.thumb_func
 269              		.fpu softvfp
 271              	LCD_SendCmd:
 272              	.LVL24:
 273              	.LFB67:
  22:Src/lcd.c     **** 
  23:Src/lcd.c     **** void LCD_SendCmd(uint8_t dt){
 274              		.loc 1 23 29 is_stmt 1 view -0
 275              		.cfi_startproc
 276              		@ args = 0, pretend = 0, frame = 0
 277              		@ frame_needed = 0, uses_anonymous_args = 0
 278              		.loc 1 23 29 is_stmt 0 view .LVU65
 279 0000 38B5     		push	{r3, r4, r5, lr}
 280              	.LCFI1:
 281              		.cfi_def_cfa_offset 16
 282              		.cfi_offset 3, -16
 283              		.cfi_offset 4, -12
 284              		.cfi_offset 5, -8
 285              		.cfi_offset 14, -4
 286 0002 0546     		mov	r5, r0
  24:Src/lcd.c     ****     RS_RES();
 287              		.loc 1 24 5 is_stmt 1 view .LVU66
 288 0004 0B4C     		ldr	r4, .L27
 289 0006 0022     		movs	r2, #0
 290 0008 4FF48061 		mov	r1, #1024
 291 000c 2046     		mov	r0, r4
 292              	.LVL25:
 293              		.loc 1 24 5 is_stmt 0 view .LVU67
 294 000e FFF7FEFF 		bl	HAL_GPIO_WritePin
 295              	.LVL26:
 296              		.loc 1 24 13 is_stmt 1 view .LVU68
  25:Src/lcd.c     ****     
  26:Src/lcd.c     ****     LCD_SetData(dt);
 297              		.loc 1 26 5 view .LVU69
 298 0012 2846     		mov	r0, r5
 299 0014 FFF7FEFF 		bl	LCD_SetData
 300              	.LVL27:
  27:Src/lcd.c     **** 
  28:Src/lcd.c     ****     E_SET();
 301              		.loc 1 28 5 view .LVU70
 302 0018 0122     		movs	r2, #1
 303 001a 4FF40071 		mov	r1, #512
 304 001e 2046     		mov	r0, r4
 305 0020 FFF7FEFF 		bl	HAL_GPIO_WritePin
 306              	.LVL28:
ARM GAS  C:\Users\avpas\AppData\Local\Temp\ccJX0WBY.s 			page 7


 307              		.loc 1 28 12 view .LVU71
  29:Src/lcd.c     ****     LCD_Delay();
 308              		.loc 1 29 5 view .LVU72
  30:Src/lcd.c     ****     E_RES();
 309              		.loc 1 30 5 view .LVU73
 310 0024 0022     		movs	r2, #0
 311 0026 4FF40071 		mov	r1, #512
 312 002a 2046     		mov	r0, r4
 313 002c FFF7FEFF 		bl	HAL_GPIO_WritePin
 314              	.LVL29:
 315              		.loc 1 30 12 view .LVU74
  31:Src/lcd.c     **** }
 316              		.loc 1 31 1 is_stmt 0 view .LVU75
 317 0030 38BD     		pop	{r3, r4, r5, pc}
 318              	.L28:
 319 0032 00BF     		.align	2
 320              	.L27:
 321 0034 00080140 		.word	1073809408
 322              		.cfi_endproc
 323              	.LFE67:
 325              		.section	.text.LCD_SendData,"ax",%progbits
 326              		.align	1
 327              		.global	LCD_SendData
 328              		.syntax unified
 329              		.thumb
 330              		.thumb_func
 331              		.fpu softvfp
 333              	LCD_SendData:
 334              	.LVL30:
 335              	.LFB68:
  32:Src/lcd.c     **** 
  33:Src/lcd.c     **** void LCD_SendData(uint8_t dt){
 336              		.loc 1 33 30 is_stmt 1 view -0
 337              		.cfi_startproc
 338              		@ args = 0, pretend = 0, frame = 0
 339              		@ frame_needed = 0, uses_anonymous_args = 0
 340              		.loc 1 33 30 is_stmt 0 view .LVU77
 341 0000 38B5     		push	{r3, r4, r5, lr}
 342              	.LCFI2:
 343              		.cfi_def_cfa_offset 16
 344              		.cfi_offset 3, -16
 345              		.cfi_offset 4, -12
 346              		.cfi_offset 5, -8
 347              		.cfi_offset 14, -4
 348 0002 0546     		mov	r5, r0
  34:Src/lcd.c     ****     RS_SET();
 349              		.loc 1 34 5 is_stmt 1 view .LVU78
 350 0004 0B4C     		ldr	r4, .L31
 351 0006 0122     		movs	r2, #1
 352 0008 4FF48061 		mov	r1, #1024
 353 000c 2046     		mov	r0, r4
 354              	.LVL31:
 355              		.loc 1 34 5 is_stmt 0 view .LVU79
 356 000e FFF7FEFF 		bl	HAL_GPIO_WritePin
 357              	.LVL32:
 358              		.loc 1 34 13 is_stmt 1 view .LVU80
  35:Src/lcd.c     ****     
ARM GAS  C:\Users\avpas\AppData\Local\Temp\ccJX0WBY.s 			page 8


  36:Src/lcd.c     ****     LCD_SetData(dt);
 359              		.loc 1 36 5 view .LVU81
 360 0012 2846     		mov	r0, r5
 361 0014 FFF7FEFF 		bl	LCD_SetData
 362              	.LVL33:
  37:Src/lcd.c     ****     
  38:Src/lcd.c     ****     E_SET();
 363              		.loc 1 38 5 view .LVU82
 364 0018 0122     		movs	r2, #1
 365 001a 4FF40071 		mov	r1, #512
 366 001e 2046     		mov	r0, r4
 367 0020 FFF7FEFF 		bl	HAL_GPIO_WritePin
 368              	.LVL34:
 369              		.loc 1 38 12 view .LVU83
  39:Src/lcd.c     ****     LCD_Delay();
 370              		.loc 1 39 5 view .LVU84
  40:Src/lcd.c     ****     E_RES();
 371              		.loc 1 40 5 view .LVU85
 372 0024 0022     		movs	r2, #0
 373 0026 4FF40071 		mov	r1, #512
 374 002a 2046     		mov	r0, r4
 375 002c FFF7FEFF 		bl	HAL_GPIO_WritePin
 376              	.LVL35:
 377              		.loc 1 40 12 view .LVU86
  41:Src/lcd.c     **** }
 378              		.loc 1 41 1 is_stmt 0 view .LVU87
 379 0030 38BD     		pop	{r3, r4, r5, pc}
 380              	.L32:
 381 0032 00BF     		.align	2
 382              	.L31:
 383 0034 00080140 		.word	1073809408
 384              		.cfi_endproc
 385              	.LFE68:
 387              		.section	.text.LCD_Init,"ax",%progbits
 388              		.align	1
 389              		.global	LCD_Init
 390              		.syntax unified
 391              		.thumb
 392              		.thumb_func
 393              		.fpu softvfp
 395              	LCD_Init:
 396              	.LFB69:
  42:Src/lcd.c     **** 
  43:Src/lcd.c     **** void LCD_Init(void){
 397              		.loc 1 43 20 is_stmt 1 view -0
 398              		.cfi_startproc
 399              		@ args = 0, pretend = 0, frame = 0
 400              		@ frame_needed = 0, uses_anonymous_args = 0
 401 0000 08B5     		push	{r3, lr}
 402              	.LCFI3:
 403              		.cfi_def_cfa_offset 8
 404              		.cfi_offset 3, -8
 405              		.cfi_offset 14, -4
  44:Src/lcd.c     ****     LCD_SendCmd(0x38);
 406              		.loc 1 44 5 view .LVU89
 407 0002 3820     		movs	r0, #56
 408 0004 FFF7FEFF 		bl	LCD_SendCmd
ARM GAS  C:\Users\avpas\AppData\Local\Temp\ccJX0WBY.s 			page 9


 409              	.LVL36:
  45:Src/lcd.c     ****     HAL_Delay(1);
 410              		.loc 1 45 5 view .LVU90
 411 0008 0120     		movs	r0, #1
 412 000a FFF7FEFF 		bl	HAL_Delay
 413              	.LVL37:
  46:Src/lcd.c     ****     LCD_SendCmd (0x0C);
 414              		.loc 1 46 5 view .LVU91
 415 000e 0C20     		movs	r0, #12
 416 0010 FFF7FEFF 		bl	LCD_SendCmd
 417              	.LVL38:
  47:Src/lcd.c     ****     HAL_Delay(1);
 418              		.loc 1 47 5 view .LVU92
 419 0014 0120     		movs	r0, #1
 420 0016 FFF7FEFF 		bl	HAL_Delay
 421              	.LVL39:
  48:Src/lcd.c     ****     LCD_SendCmd(0x01);
 422              		.loc 1 48 5 view .LVU93
 423 001a 0120     		movs	r0, #1
 424 001c FFF7FEFF 		bl	LCD_SendCmd
 425              	.LVL40:
  49:Src/lcd.c     ****     HAL_Delay(2);
 426              		.loc 1 49 5 view .LVU94
 427 0020 0220     		movs	r0, #2
 428 0022 FFF7FEFF 		bl	HAL_Delay
 429              	.LVL41:
  50:Src/lcd.c     ****     LCD_SendCmd(0x06);
 430              		.loc 1 50 5 view .LVU95
 431 0026 0620     		movs	r0, #6
 432 0028 FFF7FEFF 		bl	LCD_SendCmd
 433              	.LVL42:
  51:Src/lcd.c     ****     HAL_Delay(1);
 434              		.loc 1 51 5 view .LVU96
 435 002c 0120     		movs	r0, #1
 436 002e FFF7FEFF 		bl	HAL_Delay
 437              	.LVL43:
  52:Src/lcd.c     ****     LCD_SendCmd(0x02);
 438              		.loc 1 52 5 view .LVU97
 439 0032 0220     		movs	r0, #2
 440 0034 FFF7FEFF 		bl	LCD_SendCmd
 441              	.LVL44:
  53:Src/lcd.c     ****     HAL_Delay(2);
 442              		.loc 1 53 5 view .LVU98
 443 0038 0220     		movs	r0, #2
 444 003a FFF7FEFF 		bl	HAL_Delay
 445              	.LVL45:
  54:Src/lcd.c     **** }
 446              		.loc 1 54 1 is_stmt 0 view .LVU99
 447 003e 08BD     		pop	{r3, pc}
 448              		.cfi_endproc
 449              	.LFE69:
 451              		.section	.text.LCD_Clear,"ax",%progbits
 452              		.align	1
 453              		.global	LCD_Clear
 454              		.syntax unified
 455              		.thumb
 456              		.thumb_func
ARM GAS  C:\Users\avpas\AppData\Local\Temp\ccJX0WBY.s 			page 10


 457              		.fpu softvfp
 459              	LCD_Clear:
 460              	.LFB70:
  55:Src/lcd.c     **** 
  56:Src/lcd.c     **** void LCD_Clear(void){
 461              		.loc 1 56 21 is_stmt 1 view -0
 462              		.cfi_startproc
 463              		@ args = 0, pretend = 0, frame = 0
 464              		@ frame_needed = 0, uses_anonymous_args = 0
 465 0000 08B5     		push	{r3, lr}
 466              	.LCFI4:
 467              		.cfi_def_cfa_offset 8
 468              		.cfi_offset 3, -8
 469              		.cfi_offset 14, -4
  57:Src/lcd.c     ****     LCD_SendCmd(0x01);
 470              		.loc 1 57 5 view .LVU101
 471 0002 0120     		movs	r0, #1
 472 0004 FFF7FEFF 		bl	LCD_SendCmd
 473              	.LVL46:
  58:Src/lcd.c     ****     HAL_Delay(1);
 474              		.loc 1 58 5 view .LVU102
 475 0008 0120     		movs	r0, #1
 476 000a FFF7FEFF 		bl	HAL_Delay
 477              	.LVL47:
  59:Src/lcd.c     ****     
  60:Src/lcd.c     **** }
 478              		.loc 1 60 1 is_stmt 0 view .LVU103
 479 000e 08BD     		pop	{r3, pc}
 480              		.cfi_endproc
 481              	.LFE70:
 483              		.section	.text.LCD_SetPos,"ax",%progbits
 484              		.align	1
 485              		.global	LCD_SetPos
 486              		.syntax unified
 487              		.thumb
 488              		.thumb_func
 489              		.fpu softvfp
 491              	LCD_SetPos:
 492              	.LVL48:
 493              	.LFB71:
  61:Src/lcd.c     **** 
  62:Src/lcd.c     **** void LCD_SetPos(uint8_t x, uint8_t y){
 494              		.loc 1 62 38 is_stmt 1 view -0
 495              		.cfi_startproc
 496              		@ args = 0, pretend = 0, frame = 0
 497              		@ frame_needed = 0, uses_anonymous_args = 0
 498              		.loc 1 62 38 is_stmt 0 view .LVU105
 499 0000 08B5     		push	{r3, lr}
 500              	.LCFI5:
 501              		.cfi_def_cfa_offset 8
 502              		.cfi_offset 3, -8
 503              		.cfi_offset 14, -4
  63:Src/lcd.c     ****     
  64:Src/lcd.c     ****     switch (y)
 504              		.loc 1 64 5 is_stmt 1 view .LVU106
 505 0002 11B1     		cbz	r1, .L38
 506 0004 0129     		cmp	r1, #1
ARM GAS  C:\Users\avpas\AppData\Local\Temp\ccJX0WBY.s 			page 11


 507 0006 08D0     		beq	.L39
 508              	.LVL49:
 509              	.L37:
  65:Src/lcd.c     ****     {
  66:Src/lcd.c     ****     case 0:
  67:Src/lcd.c     ****         LCD_SendCmd(x|0x80);
  68:Src/lcd.c     ****         HAL_Delay(1);
  69:Src/lcd.c     ****         break;
  70:Src/lcd.c     ****     case 1:
  71:Src/lcd.c     ****         LCD_SendCmd((0x40+x)|0x80);
  72:Src/lcd.c     ****         HAL_Delay(1);
  73:Src/lcd.c     ****         break;
  74:Src/lcd.c     ****     }
  75:Src/lcd.c     ****     
  76:Src/lcd.c     **** }
 510              		.loc 1 76 1 is_stmt 0 view .LVU107
 511 0008 08BD     		pop	{r3, pc}
 512              	.LVL50:
 513              	.L38:
  67:Src/lcd.c     ****         HAL_Delay(1);
 514              		.loc 1 67 9 is_stmt 1 view .LVU108
 515 000a 40F08000 		orr	r0, r0, #128
 516              	.LVL51:
  67:Src/lcd.c     ****         HAL_Delay(1);
 517              		.loc 1 67 9 is_stmt 0 view .LVU109
 518 000e FFF7FEFF 		bl	LCD_SendCmd
 519              	.LVL52:
  68:Src/lcd.c     ****         break;
 520              		.loc 1 68 9 is_stmt 1 view .LVU110
 521 0012 0120     		movs	r0, #1
 522 0014 FFF7FEFF 		bl	HAL_Delay
 523              	.LVL53:
  69:Src/lcd.c     ****     case 1:
 524              		.loc 1 69 9 view .LVU111
 525 0018 F6E7     		b	.L37
 526              	.LVL54:
 527              	.L39:
  71:Src/lcd.c     ****         HAL_Delay(1);
 528              		.loc 1 71 9 view .LVU112
  71:Src/lcd.c     ****         HAL_Delay(1);
 529              		.loc 1 71 26 is_stmt 0 view .LVU113
 530 001a 4030     		adds	r0, r0, #64
 531              	.LVL55:
  71:Src/lcd.c     ****         HAL_Delay(1);
 532              		.loc 1 71 26 view .LVU114
 533 001c 40B2     		sxtb	r0, r0
  71:Src/lcd.c     ****         HAL_Delay(1);
 534              		.loc 1 71 29 view .LVU115
 535 001e 60F07F00 		orn	r0, r0, #127
  71:Src/lcd.c     ****         HAL_Delay(1);
 536              		.loc 1 71 9 view .LVU116
 537 0022 C0B2     		uxtb	r0, r0
 538 0024 FFF7FEFF 		bl	LCD_SendCmd
 539              	.LVL56:
  72:Src/lcd.c     ****         break;
 540              		.loc 1 72 9 is_stmt 1 view .LVU117
 541 0028 0120     		movs	r0, #1
ARM GAS  C:\Users\avpas\AppData\Local\Temp\ccJX0WBY.s 			page 12


 542 002a FFF7FEFF 		bl	HAL_Delay
 543              	.LVL57:
  73:Src/lcd.c     ****     }
 544              		.loc 1 73 9 view .LVU118
 545              		.loc 1 76 1 is_stmt 0 view .LVU119
 546 002e EBE7     		b	.L37
 547              		.cfi_endproc
 548              	.LFE71:
 550              		.section	.text.LCD_SendChar,"ax",%progbits
 551              		.align	1
 552              		.global	LCD_SendChar
 553              		.syntax unified
 554              		.thumb
 555              		.thumb_func
 556              		.fpu softvfp
 558              	LCD_SendChar:
 559              	.LVL58:
 560              	.LFB72:
  77:Src/lcd.c     **** 
  78:Src/lcd.c     **** void LCD_SendChar(char ch){
 561              		.loc 1 78 27 is_stmt 1 view -0
 562              		.cfi_startproc
 563              		@ args = 0, pretend = 0, frame = 0
 564              		@ frame_needed = 0, uses_anonymous_args = 0
 565              		.loc 1 78 27 is_stmt 0 view .LVU121
 566 0000 08B5     		push	{r3, lr}
 567              	.LCFI6:
 568              		.cfi_def_cfa_offset 8
 569              		.cfi_offset 3, -8
 570              		.cfi_offset 14, -4
  79:Src/lcd.c     ****     
  80:Src/lcd.c     ****     LCD_SendData((uint8_t)ch);
 571              		.loc 1 80 5 is_stmt 1 view .LVU122
 572 0002 FFF7FEFF 		bl	LCD_SendData
 573              	.LVL59:
  81:Src/lcd.c     ****     LCD_Delay();
 574              		.loc 1 81 5 view .LVU123
  82:Src/lcd.c     ****     HAL_Delay(1);
 575              		.loc 1 82 5 view .LVU124
 576 0006 0120     		movs	r0, #1
 577 0008 FFF7FEFF 		bl	HAL_Delay
 578              	.LVL60:
  83:Src/lcd.c     ****     
  84:Src/lcd.c     **** }
 579              		.loc 1 84 1 is_stmt 0 view .LVU125
 580 000c 08BD     		pop	{r3, pc}
 581              		.cfi_endproc
 582              	.LFE72:
 584              		.section	.text.LCD_SendString,"ax",%progbits
 585              		.align	1
 586              		.global	LCD_SendString
 587              		.syntax unified
 588              		.thumb
 589              		.thumb_func
 590              		.fpu softvfp
 592              	LCD_SendString:
 593              	.LVL61:
ARM GAS  C:\Users\avpas\AppData\Local\Temp\ccJX0WBY.s 			page 13


 594              	.LFB73:
  85:Src/lcd.c     **** 
  86:Src/lcd.c     **** void LCD_SendString(char* str){
 595              		.loc 1 86 31 is_stmt 1 view -0
 596              		.cfi_startproc
 597              		@ args = 0, pretend = 0, frame = 0
 598              		@ frame_needed = 0, uses_anonymous_args = 0
 599              		.loc 1 86 31 is_stmt 0 view .LVU127
 600 0000 38B5     		push	{r3, r4, r5, lr}
 601              	.LCFI7:
 602              		.cfi_def_cfa_offset 16
 603              		.cfi_offset 3, -16
 604              		.cfi_offset 4, -12
 605              		.cfi_offset 5, -8
 606              		.cfi_offset 14, -4
 607 0002 0546     		mov	r5, r0
  87:Src/lcd.c     ****     
  88:Src/lcd.c     ****     uint8_t i=0;
 608              		.loc 1 88 5 is_stmt 1 view .LVU128
 609              	.LVL62:
  89:Src/lcd.c     **** 
  90:Src/lcd.c     ****    // if(StrNum == 0){
  91:Src/lcd.c     ****     //    LCD_SendCmd(0x80);
  92:Src/lcd.c     ****    // }else{
  93:Src/lcd.c     ****     //    LCD_SendCmd(0xC0);
  94:Src/lcd.c     ****    // }
  95:Src/lcd.c     ****    // HAL_Delay(1);
  96:Src/lcd.c     ****     
  97:Src/lcd.c     ****     while(str[i] != 0){
 610              		.loc 1 97 5 view .LVU129
  88:Src/lcd.c     **** 
 611              		.loc 1 88 13 is_stmt 0 view .LVU130
 612 0004 0024     		movs	r4, #0
 613              	.LVL63:
 614              	.L45:
 615              		.loc 1 97 14 view .LVU131
 616 0006 285D     		ldrb	r0, [r5, r4]	@ zero_extendqisi2
 617              		.loc 1 97 10 view .LVU132
 618 0008 38B1     		cbz	r0, .L48
  98:Src/lcd.c     ****         LCD_SendData(str[i]);
 619              		.loc 1 98 9 is_stmt 1 view .LVU133
 620 000a FFF7FEFF 		bl	LCD_SendData
 621              	.LVL64:
  99:Src/lcd.c     ****         LCD_Delay();
 622              		.loc 1 99 9 view .LVU134
 100:Src/lcd.c     ****         HAL_Delay(1);
 623              		.loc 1 100 9 view .LVU135
 624 000e 0120     		movs	r0, #1
 625 0010 FFF7FEFF 		bl	HAL_Delay
 626              	.LVL65:
 101:Src/lcd.c     ****         i++;
 627              		.loc 1 101 9 view .LVU136
 628              		.loc 1 101 10 is_stmt 0 view .LVU137
 629 0014 0134     		adds	r4, r4, #1
 630              	.LVL66:
 631              		.loc 1 101 10 view .LVU138
 632 0016 E4B2     		uxtb	r4, r4
ARM GAS  C:\Users\avpas\AppData\Local\Temp\ccJX0WBY.s 			page 14


 633              	.LVL67:
 634              		.loc 1 101 10 view .LVU139
 635 0018 F5E7     		b	.L45
 636              	.L48:
 102:Src/lcd.c     ****     }
 103:Src/lcd.c     **** }...
 637              		.loc 1 103 1 view .LVU140
 638 001a 38BD     		pop	{r3, r4, r5, pc}
 639              		.loc 1 103 1 view .LVU141
 640              		.cfi_endproc
 641              	.LFE73:
 643              		.text
 644              	.Letext0:
 645              		.file 2 "c:\\software\\embededgcc\\arm-gcc\\arm-none-eabi\\include\\machine\\_default_types.h"
 646              		.file 3 "c:\\software\\embededgcc\\arm-gcc\\arm-none-eabi\\include\\sys\\_stdint.h"
 647              		.file 4 "Drivers/CMSIS/Include/core_cm3.h"
 648              		.file 5 "Drivers/CMSIS/Device/ST/STM32F1xx/Include/system_stm32f1xx.h"
 649              		.file 6 "Drivers/CMSIS/Device/ST/STM32F1xx/Include/stm32f103xb.h"
 650              		.file 7 "Drivers/STM32F1xx_HAL_Driver/Inc/stm32f1xx_hal_gpio.h"
 651              		.file 8 "Drivers/STM32F1xx_HAL_Driver/Inc/stm32f1xx_hal.h"
ARM GAS  C:\Users\avpas\AppData\Local\Temp\ccJX0WBY.s 			page 15


DEFINED SYMBOLS
                            *ABS*:0000000000000000 lcd.c
C:\Users\avpas\AppData\Local\Temp\ccJX0WBY.s:16     .text.LCD_Delay:0000000000000000 $t
C:\Users\avpas\AppData\Local\Temp\ccJX0WBY.s:24     .text.LCD_Delay:0000000000000000 LCD_Delay
C:\Users\avpas\AppData\Local\Temp\ccJX0WBY.s:58     .text.LCD_SetData:0000000000000000 $t
C:\Users\avpas\AppData\Local\Temp\ccJX0WBY.s:65     .text.LCD_SetData:0000000000000000 LCD_SetData
C:\Users\avpas\AppData\Local\Temp\ccJX0WBY.s:258    .text.LCD_SetData:00000000000000f4 $d
C:\Users\avpas\AppData\Local\Temp\ccJX0WBY.s:264    .text.LCD_SendCmd:0000000000000000 $t
C:\Users\avpas\AppData\Local\Temp\ccJX0WBY.s:271    .text.LCD_SendCmd:0000000000000000 LCD_SendCmd
C:\Users\avpas\AppData\Local\Temp\ccJX0WBY.s:321    .text.LCD_SendCmd:0000000000000034 $d
C:\Users\avpas\AppData\Local\Temp\ccJX0WBY.s:326    .text.LCD_SendData:0000000000000000 $t
C:\Users\avpas\AppData\Local\Temp\ccJX0WBY.s:333    .text.LCD_SendData:0000000000000000 LCD_SendData
C:\Users\avpas\AppData\Local\Temp\ccJX0WBY.s:383    .text.LCD_SendData:0000000000000034 $d
C:\Users\avpas\AppData\Local\Temp\ccJX0WBY.s:388    .text.LCD_Init:0000000000000000 $t
C:\Users\avpas\AppData\Local\Temp\ccJX0WBY.s:395    .text.LCD_Init:0000000000000000 LCD_Init
C:\Users\avpas\AppData\Local\Temp\ccJX0WBY.s:452    .text.LCD_Clear:0000000000000000 $t
C:\Users\avpas\AppData\Local\Temp\ccJX0WBY.s:459    .text.LCD_Clear:0000000000000000 LCD_Clear
C:\Users\avpas\AppData\Local\Temp\ccJX0WBY.s:484    .text.LCD_SetPos:0000000000000000 $t
C:\Users\avpas\AppData\Local\Temp\ccJX0WBY.s:491    .text.LCD_SetPos:0000000000000000 LCD_SetPos
C:\Users\avpas\AppData\Local\Temp\ccJX0WBY.s:551    .text.LCD_SendChar:0000000000000000 $t
C:\Users\avpas\AppData\Local\Temp\ccJX0WBY.s:558    .text.LCD_SendChar:0000000000000000 LCD_SendChar
C:\Users\avpas\AppData\Local\Temp\ccJX0WBY.s:585    .text.LCD_SendString:0000000000000000 $t
C:\Users\avpas\AppData\Local\Temp\ccJX0WBY.s:592    .text.LCD_SendString:0000000000000000 LCD_SendString

UNDEFINED SYMBOLS
HAL_GPIO_WritePin
HAL_Delay
